Log file open, 06/23/20 19:38:13
LogInit: Display: Running engine for game: MineUE4
LogPlatformFile: Not using cached read wrapper
LogTaskGraph: Started task graph with 5 named threads and 14 total threads with 3 sets of task threads.
LogStats: Stats thread started at 2.427048
LogD3D11RHI: Loaded GFSDK_Aftermath_Lib.x64.dll
LogICUInternationalization: ICU TimeZone Detection - Raw Offset: +1:00, Platform Override: ''
LogPluginManager: Mounting plugin Paper2D
LogPluginManager: Mounting plugin AISupport
LogPluginManager: Mounting plugin LightPropagationVolume
LogPluginManager: Mounting plugin CameraShakePreviewer
LogPluginManager: Mounting plugin ActorLayerUtilities
LogPluginManager: Mounting plugin AnimationSharing
LogPluginManager: Mounting plugin CLionSourceCodeAccess
LogPluginManager: Mounting plugin CodeLiteSourceCodeAccess
LogPluginManager: Mounting plugin GitSourceControl
LogPluginManager: Mounting plugin KDevelopSourceCodeAccess
LogPluginManager: Mounting plugin NullSourceCodeAccess
LogPluginManager: Mounting plugin PerforceSourceControl
LogPluginManager: Mounting plugin PlasticSourceControl
LogPluginManager: Mounting plugin RiderSourceCodeAccess
LogPluginManager: Mounting plugin SubversionSourceControl
LogPluginManager: Mounting plugin UObjectPlugin
LogPluginManager: Mounting plugin VisualStudioCodeSourceCodeAccess
LogPluginManager: Mounting plugin VisualStudioSourceCodeAccess
LogPluginManager: Mounting plugin XCodeSourceCodeAccess
LogPluginManager: Mounting plugin AssetManagerEditor
LogPluginManager: Mounting plugin CryptoKeys
LogPluginManager: Mounting plugin CurveEditorTools
LogPluginManager: Mounting plugin DataValidation
LogPluginManager: Mounting plugin EditorScriptingUtilities
LogPluginManager: Mounting plugin FacialAnimation
LogPluginManager: Mounting plugin GameplayTagsEditor
LogPluginManager: Mounting plugin GeometryMode
LogPluginManager: Mounting plugin MacGraphicsSwitching
LogPluginManager: Mounting plugin MaterialAnalyzer
LogPluginManager: Mounting plugin MobileLauncherProfileWizard
LogPluginManager: Mounting plugin PluginBrowser
LogPluginManager: Mounting plugin SpeedTreeImporter
LogPluginManager: Mounting plugin DatasmithContent
LogPluginManager: Mounting plugin VariantManagerContent
LogPluginManager: Mounting plugin AlembicImporter
LogPluginManager: Mounting plugin AutomationUtils
LogPluginManager: Mounting plugin BackChannel
LogPluginManager: Mounting plugin ChaosCloth
LogPluginManager: Mounting plugin ChaosClothEditor
LogPluginManager: Mounting plugin ChaosEditor
LogPluginManager: Mounting plugin ChaosNiagara
LogPluginManager: Mounting plugin ChaosSolverPlugin
LogPluginManager: Mounting plugin CharacterAI
LogPluginManager: Mounting plugin GeometryCache
LogPluginManager: Mounting plugin GeometryCollectionPlugin
LogPluginManager: Mounting plugin GeometryProcessing
LogPluginManager: Mounting plugin PlanarCut
LogPluginManager: Mounting plugin PlatformCrypto
LogPluginManager: Mounting plugin ProxyLODPlugin
LogPluginManager: Mounting plugin PythonScriptPlugin
LogPluginManager: Mounting plugin SkeletalReduction
LogPluginManager: Mounting plugin Niagara
LogPluginManager: Mounting plugin MagicLeap
LogPluginManager: Mounting plugin MagicLeapLightEstimation
LogPluginManager: Mounting plugin MagicLeapMedia
LogPluginManager: Mounting plugin MagicLeapPassableWorld
LogPluginManager: Mounting plugin MLSDK
LogPluginManager: Mounting plugin AndroidMedia
LogPluginManager: Mounting plugin AvfMedia
LogPluginManager: Mounting plugin ImgMedia
LogPluginManager: Mounting plugin MediaCompositing
LogPluginManager: Mounting plugin MediaPlayerEditor
LogPluginManager: Mounting plugin WebMMedia
LogPluginManager: Mounting plugin WmfMedia
LogPluginManager: Mounting plugin MegascansPlugin
LogPluginManager: Mounting plugin MeshPainting
LogPluginManager: Mounting plugin TcpMessaging
LogPluginManager: Mounting plugin UdpMessaging
LogPluginManager: Mounting plugin ActorSequence
LogPluginManager: Mounting plugin LevelSequenceEditor
LogPluginManager: Mounting plugin MatineeToLevelSequence
LogPluginManager: Mounting plugin MovieRenderPipeline
LogPluginManager: Mounting plugin TemplateSequence
LogPluginManager: Mounting plugin NetcodeUnitTest
LogPluginManager: Mounting plugin NUTUnrealEngine4
LogPluginManager: Mounting plugin OnlineSubsystemGooglePlay
LogPluginManager: Mounting plugin OnlineSubsystemIOS
LogPluginManager: Mounting plugin OnlineSubsystem
LogPluginManager: Mounting plugin OnlineSubsystemNull
LogPluginManager: Mounting plugin OnlineSubsystemUtils
LogPluginManager: Mounting plugin LauncherChunkInstaller
LogPluginManager: Mounting plugin AndroidDeviceProfileSelector
LogPluginManager: Mounting plugin AndroidMoviePlayer
LogPluginManager: Mounting plugin AndroidPermission
LogPluginManager: Mounting plugin AppleImageUtils
LogPluginManager: Mounting plugin AppleMoviePlayer
LogPluginManager: Mounting plugin ArchVisCharacter
LogPluginManager: Mounting plugin AssetTags
LogPluginManager: Mounting plugin AudioCapture
LogPluginManager: Mounting plugin CableComponent
LogPluginManager: Mounting plugin CustomMeshComponent
LogPluginManager: Mounting plugin EditableMesh
LogPluginManager: Mounting plugin ExampleDeviceProfileSelector
LogPluginManager: Mounting plugin GoogleCloudMessaging
LogPluginManager: Mounting plugin GooglePAD
LogPluginManager: Mounting plugin IOSDeviceProfileSelector
LogPluginManager: Mounting plugin LinuxDeviceProfileSelector
LogPluginManager: Mounting plugin LocationServicesBPLibrary
LogPluginManager: Mounting plugin MobilePatchingUtils
LogPluginManager: Mounting plugin OculusVR
LogPluginManager: Mounting plugin PhysXVehicles
LogPluginManager: Mounting plugin PostSplashScreen
LogPluginManager: Mounting plugin ProceduralMeshComponent
LogPluginManager: Mounting plugin RuntimePhysXCooking
LogPluginManager: Mounting plugin SignificanceManager
LogPluginManager: Mounting plugin SoundFields
LogPluginManager: Mounting plugin SteamVR
LogPluginManager: Mounting plugin Synthesis
LogPluginManager: Mounting plugin WebMMoviePlayer
LogPluginManager: Mounting plugin WindowsMoviePlayer
LogPluginManager: Mounting plugin ScreenshotTools
LogInit: Using libcurl 7.55.1-DEV
LogInit:  - built for x86_64-pc-win32
LogInit:  - supports SSL with OpenSSL/1.1.1
LogInit:  - supports HTTP deflate (compression) using libz 1.2.8
LogInit:  - other features:
LogInit:      CURL_VERSION_SSL
LogInit:      CURL_VERSION_LIBZ
LogInit:      CURL_VERSION_IPV6
LogInit:      CURL_VERSION_ASYNCHDNS
LogInit:      CURL_VERSION_LARGEFILE
LogInit:      CURL_VERSION_IDN
LogInit:  CurlRequestOptions (configurable via config and command line):
LogInit:  - bVerifyPeer = true  - Libcurl will verify peer certificate
LogInit:  - bUseHttpProxy = false  - Libcurl will NOT use HTTP proxy
LogInit:  - bDontReuseConnections = false  - Libcurl will reuse connections
LogInit:  - MaxHostConnections = 16  - Libcurl will limit the number of connections to a host
LogInit:  - LocalHostAddr = Default
LogInit:  - BufferSize = 65536
LogOnline: OSS: Creating online subsystem instance for: NULL
LogInit: WinSock: version 1.1 (2.2), MaxSocks=32767, MaxUdp=65467
LogOnline: OSS: TryLoadSubsystemAndSetDefault: Loaded subsystem for module [NULL]
LogInit: Build: ++UE4+Release-4.25-CL-13594126
LogInit: Engine Version: 4.25.1-13594126+++UE4+Release-4.25
LogInit: Compatible Engine Version: 4.25.0-13144385+++UE4+Release-4.25
LogInit: Net CL: 13144385
LogInit: OS: Windows 10 (Release 2004) (), CPU: Intel(R) Core(TM) i5-4670K CPU @ 3.40GHz, GPU: AMD Radeon R9 200 Series
LogInit: Compiled (64-bit): Jun  2 2020 02:10:36
LogInit: Compiled with Visual C++: 19.24.28315.00
LogInit: Build Configuration: Development
LogInit: Branch Name: ++UE4+Release-4.25
LogInit: Command Line:  -EpicPortal -epicusername=NiiRoZz -epicuserid=ec4fdbf4030b49a190c5010d264bee6a -epiclocale=fr
LogInit: Base Directory: D:/Epic Games/UE_4.25/Engine/Binaries/Win64/
LogInit: Allocator: TBB
LogInit: Installed Engine Build: 1
LogDevObjectVersion: Number of dev versions registered: 26
LogDevObjectVersion:   Dev-Blueprints (B0D832E4-1F89-4F0D-ACCF-7EB736FD4AA2): 10
LogDevObjectVersion:   Dev-Build (E1C64328-A22C-4D53-A36C-8E866417BD8C): 0
LogDevObjectVersion:   Dev-Core (375EC13C-06E4-48FB-B500-84F0262A717E): 4
LogDevObjectVersion:   Dev-Editor (E4B068ED-F494-42E9-A231-DA0B2E46BB41): 38
LogDevObjectVersion:   Dev-Framework (CFFC743F-43B0-4480-9391-14DF171D2073): 37
LogDevObjectVersion:   Dev-Mobile (B02B49B5-BB20-44E9-A304-32B752E40360): 2
LogDevObjectVersion:   Dev-Networking (A4E4105C-59A1-49B5-A7C5-40C4547EDFEE): 0
LogDevObjectVersion:   Dev-Online (39C831C9-5AE6-47DC-9A44-9C173E1C8E7C): 0
LogDevObjectVersion:   Dev-Physics (78F01B33-EBEA-4F98-B9B4-84EACCB95AA2): 4
LogDevObjectVersion:   Dev-Platform (6631380F-2D4D-43E0-8009-CF276956A95A): 0
LogDevObjectVersion:   Dev-Rendering (12F88B9F-8875-4AFC-A67C-D90C383ABD29): 43
LogDevObjectVersion:   Dev-Sequencer (7B5AE74C-D270-4C10-A958-57980B212A5A): 12
LogDevObjectVersion:   Dev-VR (D7296918-1DD6-4BDD-9DE2-64A83CC13884): 3
LogDevObjectVersion:   Dev-LoadTimes (C2A15278-BFE7-4AFE-6C17-90FF531DF755): 1
LogDevObjectVersion:   Private-Geometry (6EACA3D4-40EC-4CC1-B786-8BED09428FC5): 3
LogDevObjectVersion:   Dev-AnimPhys (29E575DD-E0A3-4627-9D10-D276232CDCEA): 17
LogDevObjectVersion:   Dev-Anim (AF43A65D-7FD3-4947-9873-3E8ED9C1BB05): 7
LogDevObjectVersion:   Dev-ReflectionCapture (6B266CEC-1EC7-4B8F-A30B-E4D90942FC07): 1
LogDevObjectVersion:   Dev-Automation (0DF73D61-A23F-47EA-B727-89E90C41499A): 1
LogDevObjectVersion:   FortniteMain (601D1886-AC64-4F84-AA16-D3DE0DEAC7D6): 31
LogDevObjectVersion:   Dev-Enterprise (9DFFBCD6-494F-0158-E221-12823C92A888): 10
LogDevObjectVersion:   Dev-Niagara (F2AED0AC-9AFE-416F-8664-AA7FFA26D6FC): 1
LogDevObjectVersion:   Dev-Destruction (174F1F0B-B4C6-45A5-B13F-2EE8D0FB917D): 10
LogDevObjectVersion:   Dev-Physics-Ext (35F94A83-E258-406C-A318-09F59610247C): 37
LogDevObjectVersion:   Dev-PhysicsMaterial-Chaos (B68FC16E-8B1B-42E2-B453-215C058844FE): 1
LogDevObjectVersion:   Dev-CineCamera (B2E18506-4273-CFC2-A54E-F4BB758BBA07): 1
LogInit: Presizing for max 25165824 objects, including 0 objects not considered by GC, pre-allocating 0 bytes for permanent pool.
LogConfig: Applying CVar settings from Section [/Script/Engine.StreamingSettings] File [D:/MineUE4/MineUE4/Saved/Config/Windows/Engine.ini]
LogConfig: Setting CVar [[s.MinBulkDataSizeForAsyncLoading:131072]]
LogConfig: Setting CVar [[s.AsyncLoadingThreadEnabled:0]]
LogConfig: Setting CVar [[s.EventDrivenLoaderEnabled:1]]
LogConfig: Setting CVar [[s.WarnIfTimeLimitExceeded:0]]
LogConfig: Setting CVar [[s.TimeLimitExceededMultiplier:1.5]]
LogConfig: Setting CVar [[s.TimeLimitExceededMinTime:0.005]]
LogConfig: Setting CVar [[s.UseBackgroundLevelStreaming:1]]
LogConfig: Setting CVar [[s.PriorityAsyncLoadingExtraTime:15.0]]
LogConfig: Setting CVar [[s.LevelStreamingActorsUpdateTimeLimit:5.0]]
LogConfig: Setting CVar [[s.PriorityLevelStreamingActorsUpdateExtraTime:5.0]]
LogConfig: Setting CVar [[s.LevelStreamingComponentsRegistrationGranularity:10]]
LogConfig: Setting CVar [[s.UnregisterComponentsTimeLimit:1.0]]
LogConfig: Setting CVar [[s.LevelStreamingComponentsUnregistrationGranularity:5]]
LogConfig: Setting CVar [[s.FlushStreamingOnExit:1]]
LogInit: Object subsystem initialized
LogConfig: Setting CVar [[con.DebugEarlyDefault:1]]
LogConfig: Setting CVar [[r.setres:1280x720]]
[2020.06.23-17.38.14:251][  0]LogConfig: Setting CVar [[r.VSync:0]]
[2020.06.23-17.38.14:251][  0]LogConfig: Setting CVar [[r.RHICmdBypass:0]]
[2020.06.23-17.38.14:251][  0]LogConfig: Applying CVar settings from Section [/Script/Engine.RendererSettings] File [D:/MineUE4/MineUE4/Saved/Config/Windows/Engine.ini]
[2020.06.23-17.38.14:251][  0]LogConfig: Setting CVar [[r.GPUCrashDebugging:0]]
[2020.06.23-17.38.14:251][  0]LogConfig: Applying CVar settings from Section [/Script/Engine.RendererOverrideSettings] File [D:/MineUE4/MineUE4/Saved/Config/Windows/Engine.ini]
[2020.06.23-17.38.14:251][  0]LogConfig: Applying CVar settings from Section [/Script/Engine.StreamingSettings] File [D:/MineUE4/MineUE4/Saved/Config/Windows/Engine.ini]
[2020.06.23-17.38.14:251][  0]LogConfig: Setting CVar [[s.MinBulkDataSizeForAsyncLoading:131072]]
[2020.06.23-17.38.14:251][  0]LogConfig: Setting CVar [[s.AsyncLoadingThreadEnabled:0]]
[2020.06.23-17.38.14:251][  0]LogConfig: Setting CVar [[s.EventDrivenLoaderEnabled:1]]
[2020.06.23-17.38.14:251][  0]LogConfig: Setting CVar [[s.WarnIfTimeLimitExceeded:0]]
[2020.06.23-17.38.14:251][  0]LogConfig: Setting CVar [[s.TimeLimitExceededMultiplier:1.5]]
[2020.06.23-17.38.14:251][  0]LogConfig: Setting CVar [[s.TimeLimitExceededMinTime:0.005]]
[2020.06.23-17.38.14:251][  0]LogConfig: Setting CVar [[s.UseBackgroundLevelStreaming:1]]
[2020.06.23-17.38.14:251][  0]LogConfig: Setting CVar [[s.PriorityAsyncLoadingExtraTime:15.0]]
[2020.06.23-17.38.14:251][  0]LogConfig: Setting CVar [[s.LevelStreamingActorsUpdateTimeLimit:5.0]]
[2020.06.23-17.38.14:251][  0]LogConfig: Setting CVar [[s.PriorityLevelStreamingActorsUpdateExtraTime:5.0]]
[2020.06.23-17.38.14:251][  0]LogConfig: Setting CVar [[s.LevelStreamingComponentsRegistrationGranularity:10]]
[2020.06.23-17.38.14:251][  0]LogConfig: Setting CVar [[s.UnregisterComponentsTimeLimit:1.0]]
[2020.06.23-17.38.14:251][  0]LogConfig: Setting CVar [[s.LevelStreamingComponentsUnregistrationGranularity:5]]
[2020.06.23-17.38.14:251][  0]LogConfig: Setting CVar [[s.FlushStreamingOnExit:1]]
[2020.06.23-17.38.14:251][  0]LogConfig: Applying CVar settings from Section [/Script/Engine.GarbageCollectionSettings] File [D:/MineUE4/MineUE4/Saved/Config/Windows/Engine.ini]
[2020.06.23-17.38.14:251][  0]LogConfig: Setting CVar [[gc.MaxObjectsNotConsideredByGC:1]]
[2020.06.23-17.38.14:251][  0]LogConfig: Setting CVar [[gc.SizeOfPermanentObjectPool:0]]
[2020.06.23-17.38.14:251][  0]LogConfig: Setting CVar [[gc.FlushStreamingOnGC:0]]
[2020.06.23-17.38.14:251][  0]LogConfig: Setting CVar [[gc.NumRetriesBeforeForcingGC:10]]
[2020.06.23-17.38.14:251][  0]LogConfig: Setting CVar [[gc.AllowParallelGC:1]]
[2020.06.23-17.38.14:251][  0]LogConfig: Setting CVar [[gc.TimeBetweenPurgingPendingKillObjects:61.1]]
[2020.06.23-17.38.14:251][  0]LogConfig: Setting CVar [[gc.MaxObjectsInEditor:25165824]]
[2020.06.23-17.38.14:251][  0]LogConfig: Setting CVar [[gc.IncrementalBeginDestroyEnabled:1]]
[2020.06.23-17.38.14:252][  0]LogConfig: Setting CVar [[gc.CreateGCClusters:1]]
[2020.06.23-17.38.14:252][  0]LogConfig: Setting CVar [[gc.MinGCClusterSize:5]]
[2020.06.23-17.38.14:252][  0]LogConfig: Setting CVar [[gc.ActorClusteringEnabled:0]]
[2020.06.23-17.38.14:252][  0]LogConfig: Setting CVar [[gc.BlueprintClusteringEnabled:0]]
[2020.06.23-17.38.14:252][  0]LogConfig: Setting CVar [[gc.UseDisregardForGCOnDedicatedServers:0]]
[2020.06.23-17.38.14:252][  0]LogConfig: Applying CVar settings from Section [/Script/Engine.NetworkSettings] File [D:/MineUE4/MineUE4/Saved/Config/Windows/Engine.ini]
[2020.06.23-17.38.14:252][  0]LogConfig: Applying CVar settings from Section [/Script/UnrealEd.CookerSettings] File [D:/MineUE4/MineUE4/Saved/Config/Windows/Engine.ini]
[2020.06.23-17.38.14:256][  0]LogConfig: Applying CVar settings from Section [ViewDistanceQuality@3] File [D:/MineUE4/MineUE4/Saved/Config/Windows/Scalability.ini]
[2020.06.23-17.38.14:256][  0]LogConfig: Setting CVar [[r.SkeletalMeshLODBias:0]]
[2020.06.23-17.38.14:256][  0]LogConfig: Setting CVar [[r.ViewDistanceScale:1.0]]
[2020.06.23-17.38.14:256][  0]LogConfig: Applying CVar settings from Section [AntiAliasingQuality@3] File [D:/MineUE4/MineUE4/Saved/Config/Windows/Scalability.ini]
[2020.06.23-17.38.14:256][  0]LogConfig: Setting CVar [[r.PostProcessAAQuality:4]]
[2020.06.23-17.38.14:256][  0]LogConfig: Applying CVar settings from Section [ShadowQuality@3] File [D:/MineUE4/MineUE4/Saved/Config/Windows/Scalability.ini]
[2020.06.23-17.38.14:256][  0]LogConfig: Setting CVar [[r.LightFunctionQuality:1]]
[2020.06.23-17.38.14:256][  0]LogConfig: Setting CVar [[r.ShadowQuality:5]]
[2020.06.23-17.38.14:256][  0]LogConfig: Setting CVar [[r.Shadow.CSM.MaxCascades:10]]
[2020.06.23-17.38.14:256][  0]LogConfig: Setting CVar [[r.Shadow.MaxResolution:2048]]
[2020.06.23-17.38.14:256][  0]LogConfig: Setting CVar [[r.Shadow.MaxCSMResolution:2048]]
[2020.06.23-17.38.14:256][  0]LogConfig: Setting CVar [[r.Shadow.RadiusThreshold:0.01]]
[2020.06.23-17.38.14:256][  0]LogConfig: Setting CVar [[r.Shadow.DistanceScale:1.0]]
[2020.06.23-17.38.14:256][  0]LogConfig: Setting CVar [[r.Shadow.CSM.TransitionScale:1.0]]
[2020.06.23-17.38.14:256][  0]LogConfig: Setting CVar [[r.Shadow.PreShadowResolutionFactor:1.0]]
[2020.06.23-17.38.14:256][  0]LogConfig: Setting CVar [[r.DistanceFieldShadowing:1]]
[2020.06.23-17.38.14:256][  0]LogConfig: Setting CVar [[r.DistanceFieldAO:1]]
[2020.06.23-17.38.14:256][  0]LogConfig: Setting CVar [[r.AOQuality:2]]
[2020.06.23-17.38.14:256][  0]LogConfig: Setting CVar [[r.VolumetricFog:1]]
[2020.06.23-17.38.14:256][  0]LogConfig: Setting CVar [[r.VolumetricFog.GridPixelSize:8]]
[2020.06.23-17.38.14:256][  0]LogConfig: Setting CVar [[r.VolumetricFog.GridSizeZ:128]]
[2020.06.23-17.38.14:256][  0]LogConfig: Setting CVar [[r.VolumetricFog.HistoryMissSupersampleCount:4]]
[2020.06.23-17.38.14:257][  0]LogConfig: Setting CVar [[r.LightMaxDrawDistanceScale:1]]
[2020.06.23-17.38.14:257][  0]LogConfig: Setting CVar [[r.CapsuleShadows:1]]
[2020.06.23-17.38.14:257][  0]LogConfig: Applying CVar settings from Section [PostProcessQuality@3] File [D:/MineUE4/MineUE4/Saved/Config/Windows/Scalability.ini]
[2020.06.23-17.38.14:257][  0]LogConfig: Setting CVar [[r.MotionBlurQuality:4]]
[2020.06.23-17.38.14:257][  0]LogConfig: Setting CVar [[r.AmbientOcclusionMipLevelFactor:0.4]]
[2020.06.23-17.38.14:257][  0]LogConfig: Setting CVar [[r.AmbientOcclusionMaxQuality:100]]
[2020.06.23-17.38.14:257][  0]LogConfig: Setting CVar [[r.AmbientOcclusionLevels:-1]]
[2020.06.23-17.38.14:257][  0]LogConfig: Setting CVar [[r.AmbientOcclusionRadiusScale:1.0]]
[2020.06.23-17.38.14:257][  0]LogConfig: Setting CVar [[r.DepthOfFieldQuality:2]]
[2020.06.23-17.38.14:257][  0]LogConfig: Setting CVar [[r.RenderTargetPoolMin:400]]
[2020.06.23-17.38.14:257][  0]LogConfig: Setting CVar [[r.LensFlareQuality:2]]
[2020.06.23-17.38.14:257][  0]LogConfig: Setting CVar [[r.SceneColorFringeQuality:1]]
[2020.06.23-17.38.14:257][  0]LogConfig: Setting CVar [[r.EyeAdaptationQuality:2]]
[2020.06.23-17.38.14:257][  0]LogConfig: Setting CVar [[r.BloomQuality:5]]
[2020.06.23-17.38.14:257][  0]LogConfig: Setting CVar [[r.FastBlurThreshold:100]]
[2020.06.23-17.38.14:257][  0]LogConfig: Setting CVar [[r.Upscale.Quality:3]]
[2020.06.23-17.38.14:257][  0]LogConfig: Setting CVar [[r.Tonemapper.GrainQuantization:1]]
[2020.06.23-17.38.14:257][  0]LogConfig: Setting CVar [[r.LightShaftQuality:1]]
[2020.06.23-17.38.14:257][  0]LogConfig: Setting CVar [[r.Filter.SizeScale:1]]
[2020.06.23-17.38.14:257][  0]LogConfig: Setting CVar [[r.Tonemapper.Quality:5]]
[2020.06.23-17.38.14:257][  0]LogConfig: Setting CVar [[r.DOF.Gather.AccumulatorQuality:1        ; higher gathering accumulator quality]]
[2020.06.23-17.38.14:257][  0]LogConfig: Setting CVar [[r.DOF.Gather.PostfilterMethod:1          ; Median3x3 postfilering method]]
[2020.06.23-17.38.14:257][  0]LogConfig: Setting CVar [[r.DOF.Gather.EnableBokehSettings:0       ; no bokeh simulation when gathering]]
[2020.06.23-17.38.14:257][  0]LogConfig: Setting CVar [[r.DOF.Gather.RingCount:4                 ; medium number of samples when gathering]]
[2020.06.23-17.38.14:257][  0]LogConfig: Setting CVar [[r.DOF.Scatter.ForegroundCompositing:1    ; additive foreground scattering]]
[2020.06.23-17.38.14:257][  0]LogConfig: Setting CVar [[r.DOF.Scatter.BackgroundCompositing:2    ; additive background scattering]]
[2020.06.23-17.38.14:257][  0]LogConfig: Setting CVar [[r.DOF.Scatter.EnableBokehSettings:1      ; bokeh simulation when scattering]]
[2020.06.23-17.38.14:257][  0]LogConfig: Setting CVar [[r.DOF.Scatter.MaxSpriteRatio:0.1         ; only a maximum of 10% of scattered bokeh]]
[2020.06.23-17.38.14:257][  0]LogConfig: Setting CVar [[r.DOF.Recombine.Quality:1                ; cheap slight out of focus]]
[2020.06.23-17.38.14:257][  0]LogConfig: Setting CVar [[r.DOF.Recombine.EnableBokehSettings:0    ; no bokeh simulation on slight out of focus]]
[2020.06.23-17.38.14:257][  0]LogConfig: Setting CVar [[r.DOF.TemporalAAQuality:1                ; more stable temporal accumulation]]
[2020.06.23-17.38.14:257][  0]LogConfig: Setting CVar [[r.DOF.Kernel.MaxForegroundRadius:0.025]]
[2020.06.23-17.38.14:257][  0]LogConfig: Setting CVar [[r.DOF.Kernel.MaxBackgroundRadius:0.025]]
[2020.06.23-17.38.14:257][  0]LogConfig: Applying CVar settings from Section [TextureQuality@3] File [D:/MineUE4/MineUE4/Saved/Config/Windows/Scalability.ini]
[2020.06.23-17.38.14:257][  0]LogConfig: Setting CVar [[r.Streaming.MipBias:0]]
[2020.06.23-17.38.14:257][  0]LogConfig: Setting CVar [[r.Streaming.AmortizeCPUToGPUCopy:0]]
[2020.06.23-17.38.14:257][  0]LogConfig: Setting CVar [[r.Streaming.MaxNumTexturesToStreamPerFrame:0]]
[2020.06.23-17.38.14:257][  0]LogConfig: Setting CVar [[r.Streaming.Boost:1]]
[2020.06.23-17.38.14:257][  0]LogConfig: Setting CVar [[r.MaxAnisotropy:8]]
[2020.06.23-17.38.14:257][  0]LogConfig: Setting CVar [[r.VT.MaxAnisotropy:8]]
[2020.06.23-17.38.14:257][  0]LogConfig: Setting CVar [[r.Streaming.LimitPoolSizeToVRAM:0]]
[2020.06.23-17.38.14:257][  0]LogConfig: Setting CVar [[r.Streaming.PoolSize:1000]]
[2020.06.23-17.38.14:257][  0]LogConfig: Setting CVar [[r.Streaming.MaxEffectiveScreenSize:0]]
[2020.06.23-17.38.14:257][  0]LogConfig: Applying CVar settings from Section [EffectsQuality@3] File [D:/MineUE4/MineUE4/Saved/Config/Windows/Scalability.ini]
[2020.06.23-17.38.14:257][  0]LogConfig: Setting CVar [[r.TranslucencyLightingVolumeDim:64]]
[2020.06.23-17.38.14:257][  0]LogConfig: Setting CVar [[r.RefractionQuality:2]]
[2020.06.23-17.38.14:257][  0]LogConfig: Setting CVar [[r.SSR.Quality:3]]
[2020.06.23-17.38.14:257][  0]LogConfig: Setting CVar [[r.SSR.HalfResSceneColor:0]]
[2020.06.23-17.38.14:257][  0]LogConfig: Setting CVar [[r.SceneColorFormat:4]]
[2020.06.23-17.38.14:257][  0]LogConfig: Setting CVar [[r.DetailMode:2]]
[2020.06.23-17.38.14:257][  0]LogConfig: Setting CVar [[r.TranslucencyVolumeBlur:1]]
[2020.06.23-17.38.14:257][  0]LogConfig: Setting CVar [[r.MaterialQualityLevel:1 ; High quality]]
[2020.06.23-17.38.14:257][  0]LogConfig: Setting CVar [[r.SSS.Scale:1]]
[2020.06.23-17.38.14:257][  0]LogConfig: Setting CVar [[r.SSS.SampleSet:2]]
[2020.06.23-17.38.14:257][  0]LogConfig: Setting CVar [[r.SSS.Quality:1]]
[2020.06.23-17.38.14:257][  0]LogConfig: Setting CVar [[r.SSS.HalfRes:0]]
[2020.06.23-17.38.14:257][  0]LogConfig: Setting CVar [[r.SSGI.Quality:3]]
[2020.06.23-17.38.14:257][  0]LogConfig: Setting CVar [[r.EmitterSpawnRateScale:1.0]]
[2020.06.23-17.38.14:257][  0]LogConfig: Setting CVar [[r.ParticleLightQuality:2]]
[2020.06.23-17.38.14:257][  0]LogConfig: Setting CVar [[r.SkyAtmosphere.AerialPerspectiveLUT.FastApplyOnOpaque:1 ; Always have FastSkyLUT 1 in this case to avoid wrong sky]]
[2020.06.23-17.38.14:257][  0]LogConfig: Setting CVar [[r.SkyAtmosphere.AerialPerspectiveLUT.SampleCountPerSlice:1]]
[2020.06.23-17.38.14:257][  0]LogConfig: Setting CVar [[r.SkyAtmosphere.AerialPerspectiveLUT.DepthResolution:16.0]]
[2020.06.23-17.38.14:257][  0]LogConfig: Setting CVar [[r.SkyAtmosphere.FastSkyLUT:1]]
[2020.06.23-17.38.14:257][  0]LogConfig: Setting CVar [[r.SkyAtmosphere.FastSkyLUT.SampleCountMin:4.0]]
[2020.06.23-17.38.14:257][  0]LogConfig: Setting CVar [[r.SkyAtmosphere.FastSkyLUT.SampleCountMax:32.0]]
[2020.06.23-17.38.14:257][  0]LogConfig: Setting CVar [[r.SkyAtmosphere.SampleCountMin:4.0]]
[2020.06.23-17.38.14:257][  0]LogConfig: Setting CVar [[r.SkyAtmosphere.SampleCountMax:32.0]]
[2020.06.23-17.38.14:257][  0]LogConfig: Setting CVar [[r.SkyAtmosphere.TransmittanceLUT.UseSmallFormat:0]]
[2020.06.23-17.38.14:257][  0]LogConfig: Setting CVar [[r.SkyAtmosphere.TransmittanceLUT.SampleCount:10.0]]
[2020.06.23-17.38.14:257][  0]LogConfig: Setting CVar [[r.SkyAtmosphere.MultiScatteringLUT.SampleCount:15.0]]
[2020.06.23-17.38.14:257][  0]LogConfig: Applying CVar settings from Section [FoliageQuality@3] File [D:/MineUE4/MineUE4/Saved/Config/Windows/Scalability.ini]
[2020.06.23-17.38.14:258][  0]LogConfig: Setting CVar [[foliage.DensityScale:1.0]]
[2020.06.23-17.38.14:258][  0]LogConfig: Setting CVar [[grass.DensityScale:1.0]]
[2020.06.23-17.38.14:258][  0]LogConfig: Applying CVar settings from Section [ShadingQuality@3] File [D:/MineUE4/MineUE4/Saved/Config/Windows/Scalability.ini]
[2020.06.23-17.38.14:258][  0]LogConfig: Setting CVar [[r.HairStrands.SkyLighting.SampleCount:16]]
[2020.06.23-17.38.14:258][  0]LogConfig: Setting CVar [[r.HairStrands.SkyLighting.JitterIntegration:0]]
[2020.06.23-17.38.14:258][  0]LogConfig: Setting CVar [[r.HairStrands.SkyAO.SampleCount:16]]
[2020.06.23-17.38.14:258][  0]LogConfig: Setting CVar [[r.HairStrands.DeepShadow.SuperSampling:0]]
[2020.06.23-17.38.14:258][  0]LogConfig: Setting CVar [[r.HairStrands.VisibilityPPLL:0]]
[2020.06.23-17.38.14:258][  0]LogConfig: Setting CVar [[r.HairStrands.RasterizationScale:0.5]]
[2020.06.23-17.38.14:258][  0]LogConfig: Setting CVar [[r.HairStrands.VelocityRasterizationScale:1]]
[2020.06.23-17.38.14:258][  0]LogInit: Selected Device Profile: [Windows]
[2020.06.23-17.38.14:258][  0]LogInit: Applying CVar settings loaded from the selected device profile: [Windows]
[2020.06.23-17.38.14:258][  0]LogHAL: Display: Platform has ~ 16 GB [17112875008 / 17179869184 / 16], which maps to Larger [LargestMinGB=32, LargerMinGB=12, DefaultMinGB=8, SmallerMinGB=6, SmallestMinGB=0)
[2020.06.23-17.38.14:258][  0]LogInit: Going up to parent DeviceProfile []
[2020.06.23-17.38.14:258][  0]LogConfig: Applying CVar settings from Section [ViewDistanceQuality@3] File [D:/MineUE4/MineUE4/Saved/Config/Windows/Scalability.ini]
[2020.06.23-17.38.14:258][  0]LogConfig: Setting CVar [[r.SkeletalMeshLODBias:0]]
[2020.06.23-17.38.14:258][  0]LogConfig: Setting CVar [[r.ViewDistanceScale:1.0]]
[2020.06.23-17.38.14:258][  0]LogConfig: Applying CVar settings from Section [AntiAliasingQuality@3] File [D:/MineUE4/MineUE4/Saved/Config/Windows/Scalability.ini]
[2020.06.23-17.38.14:258][  0]LogConfig: Setting CVar [[r.PostProcessAAQuality:4]]
[2020.06.23-17.38.14:258][  0]LogConfig: Applying CVar settings from Section [ShadowQuality@3] File [D:/MineUE4/MineUE4/Saved/Config/Windows/Scalability.ini]
[2020.06.23-17.38.14:258][  0]LogConfig: Setting CVar [[r.LightFunctionQuality:1]]
[2020.06.23-17.38.14:258][  0]LogConfig: Setting CVar [[r.ShadowQuality:5]]
[2020.06.23-17.38.14:258][  0]LogConfig: Setting CVar [[r.Shadow.CSM.MaxCascades:10]]
[2020.06.23-17.38.14:258][  0]LogConfig: Setting CVar [[r.Shadow.MaxResolution:2048]]
[2020.06.23-17.38.14:258][  0]LogConfig: Setting CVar [[r.Shadow.MaxCSMResolution:2048]]
[2020.06.23-17.38.14:258][  0]LogConfig: Setting CVar [[r.Shadow.RadiusThreshold:0.01]]
[2020.06.23-17.38.14:258][  0]LogConfig: Setting CVar [[r.Shadow.DistanceScale:1.0]]
[2020.06.23-17.38.14:258][  0]LogConfig: Setting CVar [[r.Shadow.CSM.TransitionScale:1.0]]
[2020.06.23-17.38.14:258][  0]LogConfig: Setting CVar [[r.Shadow.PreShadowResolutionFactor:1.0]]
[2020.06.23-17.38.14:258][  0]LogConfig: Setting CVar [[r.DistanceFieldShadowing:1]]
[2020.06.23-17.38.14:258][  0]LogConfig: Setting CVar [[r.DistanceFieldAO:1]]
[2020.06.23-17.38.14:258][  0]LogConfig: Setting CVar [[r.AOQuality:2]]
[2020.06.23-17.38.14:258][  0]LogConfig: Setting CVar [[r.VolumetricFog:1]]
[2020.06.23-17.38.14:258][  0]LogConfig: Setting CVar [[r.VolumetricFog.GridPixelSize:8]]
[2020.06.23-17.38.14:258][  0]LogConfig: Setting CVar [[r.VolumetricFog.GridSizeZ:128]]
[2020.06.23-17.38.14:258][  0]LogConfig: Setting CVar [[r.VolumetricFog.HistoryMissSupersampleCount:4]]
[2020.06.23-17.38.14:258][  0]LogConfig: Setting CVar [[r.LightMaxDrawDistanceScale:1]]
[2020.06.23-17.38.14:258][  0]LogConfig: Setting CVar [[r.CapsuleShadows:1]]
[2020.06.23-17.38.14:258][  0]LogConfig: Applying CVar settings from Section [PostProcessQuality@3] File [D:/MineUE4/MineUE4/Saved/Config/Windows/Scalability.ini]
[2020.06.23-17.38.14:258][  0]LogConfig: Setting CVar [[r.MotionBlurQuality:4]]
[2020.06.23-17.38.14:258][  0]LogConfig: Setting CVar [[r.AmbientOcclusionMipLevelFactor:0.4]]
[2020.06.23-17.38.14:258][  0]LogConfig: Setting CVar [[r.AmbientOcclusionMaxQuality:100]]
[2020.06.23-17.38.14:258][  0]LogConfig: Setting CVar [[r.AmbientOcclusionLevels:-1]]
[2020.06.23-17.38.14:258][  0]LogConfig: Setting CVar [[r.AmbientOcclusionRadiusScale:1.0]]
[2020.06.23-17.38.14:258][  0]LogConfig: Setting CVar [[r.DepthOfFieldQuality:2]]
[2020.06.23-17.38.14:258][  0]LogConfig: Setting CVar [[r.RenderTargetPoolMin:400]]
[2020.06.23-17.38.14:258][  0]LogConfig: Setting CVar [[r.LensFlareQuality:2]]
[2020.06.23-17.38.14:258][  0]LogConfig: Setting CVar [[r.SceneColorFringeQuality:1]]
[2020.06.23-17.38.14:258][  0]LogConfig: Setting CVar [[r.EyeAdaptationQuality:2]]
[2020.06.23-17.38.14:258][  0]LogConfig: Setting CVar [[r.BloomQuality:5]]
[2020.06.23-17.38.14:258][  0]LogConfig: Setting CVar [[r.FastBlurThreshold:100]]
[2020.06.23-17.38.14:258][  0]LogConfig: Setting CVar [[r.Upscale.Quality:3]]
[2020.06.23-17.38.14:258][  0]LogConfig: Setting CVar [[r.Tonemapper.GrainQuantization:1]]
[2020.06.23-17.38.14:258][  0]LogConfig: Setting CVar [[r.LightShaftQuality:1]]
[2020.06.23-17.38.14:258][  0]LogConfig: Setting CVar [[r.Filter.SizeScale:1]]
[2020.06.23-17.38.14:258][  0]LogConfig: Setting CVar [[r.Tonemapper.Quality:5]]
[2020.06.23-17.38.14:258][  0]LogConfig: Setting CVar [[r.DOF.Gather.AccumulatorQuality:1        ; higher gathering accumulator quality]]
[2020.06.23-17.38.14:258][  0]LogConfig: Setting CVar [[r.DOF.Gather.PostfilterMethod:1          ; Median3x3 postfilering method]]
[2020.06.23-17.38.14:258][  0]LogConfig: Setting CVar [[r.DOF.Gather.EnableBokehSettings:0       ; no bokeh simulation when gathering]]
[2020.06.23-17.38.14:258][  0]LogConfig: Setting CVar [[r.DOF.Gather.RingCount:4                 ; medium number of samples when gathering]]
[2020.06.23-17.38.14:258][  0]LogConfig: Setting CVar [[r.DOF.Scatter.ForegroundCompositing:1    ; additive foreground scattering]]
[2020.06.23-17.38.14:258][  0]LogConfig: Setting CVar [[r.DOF.Scatter.BackgroundCompositing:2    ; additive background scattering]]
[2020.06.23-17.38.14:258][  0]LogConfig: Setting CVar [[r.DOF.Scatter.EnableBokehSettings:1      ; bokeh simulation when scattering]]
[2020.06.23-17.38.14:258][  0]LogConfig: Setting CVar [[r.DOF.Scatter.MaxSpriteRatio:0.1         ; only a maximum of 10% of scattered bokeh]]
[2020.06.23-17.38.14:258][  0]LogConfig: Setting CVar [[r.DOF.Recombine.Quality:1                ; cheap slight out of focus]]
[2020.06.23-17.38.14:259][  0]LogConfig: Setting CVar [[r.DOF.Recombine.EnableBokehSettings:0    ; no bokeh simulation on slight out of focus]]
[2020.06.23-17.38.14:259][  0]LogConfig: Setting CVar [[r.DOF.TemporalAAQuality:1                ; more stable temporal accumulation]]
[2020.06.23-17.38.14:259][  0]LogConfig: Setting CVar [[r.DOF.Kernel.MaxForegroundRadius:0.025]]
[2020.06.23-17.38.14:259][  0]LogConfig: Setting CVar [[r.DOF.Kernel.MaxBackgroundRadius:0.025]]
[2020.06.23-17.38.14:259][  0]LogConfig: Applying CVar settings from Section [TextureQuality@3] File [D:/MineUE4/MineUE4/Saved/Config/Windows/Scalability.ini]
[2020.06.23-17.38.14:259][  0]LogConfig: Setting CVar [[r.Streaming.MipBias:0]]
[2020.06.23-17.38.14:259][  0]LogConfig: Setting CVar [[r.Streaming.AmortizeCPUToGPUCopy:0]]
[2020.06.23-17.38.14:259][  0]LogConfig: Setting CVar [[r.Streaming.MaxNumTexturesToStreamPerFrame:0]]
[2020.06.23-17.38.14:259][  0]LogConfig: Setting CVar [[r.Streaming.Boost:1]]
[2020.06.23-17.38.14:259][  0]LogConfig: Setting CVar [[r.MaxAnisotropy:8]]
[2020.06.23-17.38.14:259][  0]LogConfig: Setting CVar [[r.VT.MaxAnisotropy:8]]
[2020.06.23-17.38.14:259][  0]LogConfig: Setting CVar [[r.Streaming.LimitPoolSizeToVRAM:0]]
[2020.06.23-17.38.14:259][  0]LogConfig: Setting CVar [[r.Streaming.PoolSize:1000]]
[2020.06.23-17.38.14:259][  0]LogConfig: Setting CVar [[r.Streaming.MaxEffectiveScreenSize:0]]
[2020.06.23-17.38.14:259][  0]LogConfig: Applying CVar settings from Section [EffectsQuality@3] File [D:/MineUE4/MineUE4/Saved/Config/Windows/Scalability.ini]
[2020.06.23-17.38.14:259][  0]LogConfig: Setting CVar [[r.TranslucencyLightingVolumeDim:64]]
[2020.06.23-17.38.14:259][  0]LogConfig: Setting CVar [[r.RefractionQuality:2]]
[2020.06.23-17.38.14:259][  0]LogConfig: Setting CVar [[r.SSR.Quality:3]]
[2020.06.23-17.38.14:259][  0]LogConfig: Setting CVar [[r.SSR.HalfResSceneColor:0]]
[2020.06.23-17.38.14:259][  0]LogConfig: Setting CVar [[r.SceneColorFormat:4]]
[2020.06.23-17.38.14:259][  0]LogConfig: Setting CVar [[r.DetailMode:2]]
[2020.06.23-17.38.14:259][  0]LogConfig: Setting CVar [[r.TranslucencyVolumeBlur:1]]
[2020.06.23-17.38.14:259][  0]LogConfig: Setting CVar [[r.MaterialQualityLevel:1 ; High quality]]
[2020.06.23-17.38.14:259][  0]LogConfig: Setting CVar [[r.SSS.Scale:1]]
[2020.06.23-17.38.14:259][  0]LogConfig: Setting CVar [[r.SSS.SampleSet:2]]
[2020.06.23-17.38.14:259][  0]LogConfig: Setting CVar [[r.SSS.Quality:1]]
[2020.06.23-17.38.14:259][  0]LogConfig: Setting CVar [[r.SSS.HalfRes:0]]
[2020.06.23-17.38.14:259][  0]LogConfig: Setting CVar [[r.SSGI.Quality:3]]
[2020.06.23-17.38.14:259][  0]LogConfig: Setting CVar [[r.EmitterSpawnRateScale:1.0]]
[2020.06.23-17.38.14:259][  0]LogConfig: Setting CVar [[r.ParticleLightQuality:2]]
[2020.06.23-17.38.14:259][  0]LogConfig: Setting CVar [[r.SkyAtmosphere.AerialPerspectiveLUT.FastApplyOnOpaque:1 ; Always have FastSkyLUT 1 in this case to avoid wrong sky]]
[2020.06.23-17.38.14:259][  0]LogConfig: Setting CVar [[r.SkyAtmosphere.AerialPerspectiveLUT.SampleCountPerSlice:1]]
[2020.06.23-17.38.14:259][  0]LogConfig: Setting CVar [[r.SkyAtmosphere.AerialPerspectiveLUT.DepthResolution:16.0]]
[2020.06.23-17.38.14:259][  0]LogConfig: Setting CVar [[r.SkyAtmosphere.FastSkyLUT:1]]
[2020.06.23-17.38.14:259][  0]LogConfig: Setting CVar [[r.SkyAtmosphere.FastSkyLUT.SampleCountMin:4.0]]
[2020.06.23-17.38.14:259][  0]LogConfig: Setting CVar [[r.SkyAtmosphere.FastSkyLUT.SampleCountMax:32.0]]
[2020.06.23-17.38.14:259][  0]LogConfig: Setting CVar [[r.SkyAtmosphere.SampleCountMin:4.0]]
[2020.06.23-17.38.14:259][  0]LogConfig: Setting CVar [[r.SkyAtmosphere.SampleCountMax:32.0]]
[2020.06.23-17.38.14:259][  0]LogConfig: Setting CVar [[r.SkyAtmosphere.TransmittanceLUT.UseSmallFormat:0]]
[2020.06.23-17.38.14:259][  0]LogConfig: Setting CVar [[r.SkyAtmosphere.TransmittanceLUT.SampleCount:10.0]]
[2020.06.23-17.38.14:259][  0]LogConfig: Setting CVar [[r.SkyAtmosphere.MultiScatteringLUT.SampleCount:15.0]]
[2020.06.23-17.38.14:259][  0]LogConfig: Applying CVar settings from Section [FoliageQuality@3] File [D:/MineUE4/MineUE4/Saved/Config/Windows/Scalability.ini]
[2020.06.23-17.38.14:259][  0]LogConfig: Setting CVar [[foliage.DensityScale:1.0]]
[2020.06.23-17.38.14:259][  0]LogConfig: Setting CVar [[grass.DensityScale:1.0]]
[2020.06.23-17.38.14:259][  0]LogConfig: Applying CVar settings from Section [ShadingQuality@3] File [D:/MineUE4/MineUE4/Saved/Config/Windows/Scalability.ini]
[2020.06.23-17.38.14:259][  0]LogConfig: Setting CVar [[r.HairStrands.SkyLighting.SampleCount:16]]
[2020.06.23-17.38.14:259][  0]LogConfig: Setting CVar [[r.HairStrands.SkyLighting.JitterIntegration:0]]
[2020.06.23-17.38.14:259][  0]LogConfig: Setting CVar [[r.HairStrands.SkyAO.SampleCount:16]]
[2020.06.23-17.38.14:259][  0]LogConfig: Setting CVar [[r.HairStrands.DeepShadow.SuperSampling:0]]
[2020.06.23-17.38.14:259][  0]LogConfig: Setting CVar [[r.HairStrands.VisibilityPPLL:0]]
[2020.06.23-17.38.14:259][  0]LogConfig: Setting CVar [[r.HairStrands.RasterizationScale:0.5]]
[2020.06.23-17.38.14:259][  0]LogConfig: Setting CVar [[r.HairStrands.VelocityRasterizationScale:1]]
[2020.06.23-17.38.14:259][  0]LogConfig: Applying CVar settings from Section [Startup] File [../../../Engine/Config/ConsoleVariables.ini]
[2020.06.23-17.38.14:259][  0]LogConfig: Setting CVar [[net.UseAdaptiveNetUpdateFrequency:0]]
[2020.06.23-17.38.14:259][  0]LogConfig: Setting CVar [[p.chaos.AllowCreatePhysxBodies:1]]
[2020.06.23-17.38.14:259][  0]LogConfig: Setting CVar [[fx.SkipVectorVMBackendOptimizations:1]]
[2020.06.23-17.38.14:259][  0]LogConfig: Applying CVar settings from Section [ConsoleVariables] File [D:/MineUE4/MineUE4/Saved/Config/Windows/Engine.ini]
[2020.06.23-17.38.14:260][  0]LogInit: Computer: RÉMI
[2020.06.23-17.38.14:260][  0]LogInit: User: remi4
[2020.06.23-17.38.14:260][  0]LogInit: CPU Page size=4096, Cores=4
[2020.06.23-17.38.14:260][  0]LogInit: High frequency timer resolution =10.000000 MHz
[2020.06.23-17.38.14:260][  0]LogMemory: Memory total: Physical=15.9GB (16GB approx)
[2020.06.23-17.38.14:260][  0]LogMemory: Platform Memory Stats for Windows
[2020.06.23-17.38.14:260][  0]LogMemory: Process Physical Memory: 118.81 MB used, 118.82 MB peak
[2020.06.23-17.38.14:260][  0]LogMemory: Process Virtual Memory: 97.48 MB used, 97.48 MB peak
[2020.06.23-17.38.14:260][  0]LogMemory: Physical Memory: 8027.64 MB used,  8292.46 MB free, 16320.11 MB total
[2020.06.23-17.38.14:260][  0]LogMemory: Virtual Memory: 5135.10 MB used,  134212592.00 MB free, 134217728.00 MB total
[2020.06.23-17.38.14:267][  0]LogWindows: WindowsPlatformFeatures enabled
[2020.06.23-17.38.14:304][  0]LogInit: Physics initialised using underlying interface: PhysX
[2020.06.23-17.38.14:305][  0]LogInit: Using OS detected language (fr-FR).
[2020.06.23-17.38.14:305][  0]LogInit: Using OS detected locale (fr-FR).
[2020.06.23-17.38.14:307][  0]LogTextLocalizationManager: No specific localization for 'fr-FR' exists, so the 'fr' localization will be used.
[2020.06.23-17.38.14:308][  0]LogTextLocalizationResource: LocRes '../../../Engine/Content/Localization/Editor/fr/Editor.locres' could not be opened for reading!
[2020.06.23-17.38.14:308][  0]LogTextLocalizationResource: LocRes '../../../Engine/Content/Localization/EditorTutorials/fr/EditorTutorials.locres' could not be opened for reading!
[2020.06.23-17.38.14:308][  0]LogTextLocalizationResource: LocRes '../../../Engine/Content/Localization/Keywords/fr/Keywords.locres' could not be opened for reading!
[2020.06.23-17.38.14:308][  0]LogTextLocalizationResource: LocRes '../../../Engine/Content/Localization/Category/fr/Category.locres' could not be opened for reading!
[2020.06.23-17.38.14:308][  0]LogTextLocalizationResource: LocRes '../../../Engine/Content/Localization/ToolTips/fr/ToolTips.locres' could not be opened for reading!
[2020.06.23-17.38.14:308][  0]LogTextLocalizationResource: LocRes '../../../Engine/Content/Localization/PropertyNames/fr/PropertyNames.locres' could not be opened for reading!
[2020.06.23-17.38.14:308][  0]LogTextLocalizationResource: LocRes '../../../Engine/Content/Localization/Engine/fr/Engine.locres' could not be opened for reading!
[2020.06.23-17.38.14:309][  0]LogInit: Setting process to per monitor DPI aware
[2020.06.23-17.38.14:346][  0]LogSlate: New Slate User Created.  User Index 0, Is Virtual User: 0
[2020.06.23-17.38.14:346][  0]LogSlate: Slate User Registered.  User Index 0, Is Virtual User: 0
[2020.06.23-17.38.14:498][  0]LogHMD: Failed to initialize OpenVR with code 110
[2020.06.23-17.38.14:498][  0]LogD3D11RHI: D3D11 min allowed feature level: 11_0
[2020.06.23-17.38.14:498][  0]LogD3D11RHI: D3D11 max allowed feature level: 11_0
[2020.06.23-17.38.14:498][  0]LogD3D11RHI: D3D11 adapters:
[2020.06.23-17.38.14:536][  0]LogD3D11RHI:    0. 'AMD Radeon R9 200 Series' (Feature Level 11_0)
[2020.06.23-17.38.14:536][  0]LogD3D11RHI:       3051/0/8160 MB DedicatedVideo/DedicatedSystem/SharedSystem, Outputs:1, VendorId:0x1002
[2020.06.23-17.38.14:540][  0]LogD3D11RHI:    1. 'Microsoft Basic Render Driver' (Feature Level 11_0)
[2020.06.23-17.38.14:540][  0]LogD3D11RHI:       0/0/8160 MB DedicatedVideo/DedicatedSystem/SharedSystem, Outputs:0, VendorId:0x1414
[2020.06.23-17.38.14:540][  0]LogD3D11RHI: Chosen D3D11 Adapter: 0
[2020.06.23-17.38.14:547][  0]LogD3D11RHI: Creating new Direct3DDevice
[2020.06.23-17.38.14:547][  0]LogD3D11RHI:     GPU DeviceId: 0x6798 (for the marketing name, search the web for "GPU Device Id")
[2020.06.23-17.38.14:547][  0]LogWindows: EnumDisplayDevices:
[2020.06.23-17.38.14:548][  0]LogWindows:    0. 'AMD Radeon R9 200 Series' (P:1 D:1)
[2020.06.23-17.38.14:549][  0]LogWindows:    1. 'AMD Radeon R9 200 Series' (P:0 D:0)
[2020.06.23-17.38.14:549][  0]LogWindows:    2. 'AMD Radeon R9 200 Series' (P:0 D:0)
[2020.06.23-17.38.14:550][  0]LogWindows:    3. 'AMD Radeon R9 200 Series' (P:0 D:0)
[2020.06.23-17.38.14:551][  0]LogWindows:    4. 'AMD Radeon R9 200 Series' (P:0 D:0)
[2020.06.23-17.38.14:551][  0]LogWindows:    5. 'AMD Radeon R9 200 Series' (P:0 D:0)
[2020.06.23-17.38.14:552][  0]LogWindows:    6. 'AMD Radeon R9 200 Series' (P:0 D:0)
[2020.06.23-17.38.14:552][  0]LogWindows:    7. 'AMD Radeon R9 200 Series' (P:0 D:0)
[2020.06.23-17.38.14:553][  0]LogWindows: DebugString: FoundDriverCount:8 
[2020.06.23-17.38.14:553][  0]LogD3D11RHI:     Adapter Name: AMD Radeon R9 200 Series
[2020.06.23-17.38.14:553][  0]LogD3D11RHI:   Driver Version: Adrenalin 2020 20.4.2 (internal:26.20.15029.27016, unified:26.20.15029.27016)
[2020.06.23-17.38.14:553][  0]LogD3D11RHI:      Driver Date: 4-21-2020
[2020.06.23-17.38.14:553][  0]LogRHI: Texture pool is 1815 MB (70% of 2593 MB)
[2020.06.23-17.38.14:609][  0]LogD3D11RHI: RHI has support for 64 bit atomics
[2020.06.23-17.38.14:609][  0]LogD3D11RHI: Async texture creation enabled
[2020.06.23-17.38.14:609][  0]LogD3D11RHI: Array index from any shader is supported
[2020.06.23-17.38.14:622][  0]LogD3D11RHI: GPU Timing Frequency: 27.000000 (Debug: 2 1)
[2020.06.23-17.38.15:084][  0]LogTargetPlatformManager: Display: Loaded TargetPlatform 'AllDesktop'
[2020.06.23-17.38.15:108][  0]LogTargetPlatformManager: Display: Loaded TargetPlatform 'Android'
[2020.06.23-17.38.15:108][  0]LogTargetPlatformManager: Display: Loaded TargetPlatform 'Android_ASTC'
[2020.06.23-17.38.15:108][  0]LogTargetPlatformManager: Display: Loaded TargetPlatform 'Android_DXT'
[2020.06.23-17.38.15:108][  0]LogTargetPlatformManager: Display: Loaded TargetPlatform 'Android_ETC2'
[2020.06.23-17.38.15:108][  0]LogTargetPlatformManager: Display: Loaded TargetPlatform 'AndroidClient'
[2020.06.23-17.38.15:108][  0]LogTargetPlatformManager: Display: Loaded TargetPlatform 'Android_ASTCClient'
[2020.06.23-17.38.15:108][  0]LogTargetPlatformManager: Display: Loaded TargetPlatform 'Android_DXTClient'
[2020.06.23-17.38.15:108][  0]LogTargetPlatformManager: Display: Loaded TargetPlatform 'Android_ETC2Client'
[2020.06.23-17.38.15:108][  0]LogTargetPlatformManager: Display: Loaded TargetPlatform 'Android_Multi'
[2020.06.23-17.38.15:108][  0]LogTargetPlatformManager: Display: Loaded TargetPlatform 'Android_MultiClient'
[2020.06.23-17.38.15:135][  0]LogTargetPlatformManager: Display: Loaded TargetPlatform 'IOSClient'
[2020.06.23-17.38.15:135][  0]LogTargetPlatformManager: Display: Loaded TargetPlatform 'IOS'
[2020.06.23-17.38.15:145][  0]LogTargetPlatformManager: Display: Loaded TargetPlatform 'Linux'
[2020.06.23-17.38.15:156][  0]LogTargetPlatformManager: Display: Loaded TargetPlatform 'LinuxNoEditor'
[2020.06.23-17.38.15:165][  0]LogTargetPlatformManager: Display: Loaded TargetPlatform 'LinuxClient'
[2020.06.23-17.38.15:175][  0]LogTargetPlatformManager: Display: Loaded TargetPlatform 'LinuxServer'
[2020.06.23-17.38.15:185][  0]LogTargetPlatformManager: Display: Loaded TargetPlatform 'LinuxAArch64NoEditor'
[2020.06.23-17.38.15:194][  0]LogTargetPlatformManager: Display: Loaded TargetPlatform 'LinuxAArch64Client'
[2020.06.23-17.38.15:204][  0]LogTargetPlatformManager: Display: Loaded TargetPlatform 'LinuxAArch64Server'
[2020.06.23-17.38.15:232][  0]LogTargetPlatformManager: Display: Loaded TargetPlatform 'Lumin'
[2020.06.23-17.38.15:232][  0]LogTargetPlatformManager: Display: Loaded TargetPlatform 'LuminClient'
[2020.06.23-17.38.15:248][  0]LogTargetPlatformManager: Display: Loaded TargetPlatform 'TVOSClient'
[2020.06.23-17.38.15:248][  0]LogTargetPlatformManager: Display: Loaded TargetPlatform 'TVOS'
[2020.06.23-17.38.15:257][  0]LogTargetPlatformManager: Display: Loaded TargetPlatform 'WindowsNoEditor'
[2020.06.23-17.38.15:267][  0]LogTargetPlatformManager: Display: Loaded TargetPlatform 'Windows'
[2020.06.23-17.38.15:277][  0]LogTargetPlatformManager: Display: Loaded TargetPlatform 'WindowsClient'
[2020.06.23-17.38.15:287][  0]LogTargetPlatformManager: Display: Loaded TargetPlatform 'WindowsServer'
[2020.06.23-17.38.15:287][  0]LogTargetPlatformManager: Display: Building Assets For Windows
[2020.06.23-17.38.15:297][  0]LogAudioDebug: Display: Lib vorbis DLL was dynamically loaded.
[2020.06.23-17.38.15:364][  0]LogShaderCompilers: Guid format shader working directory is 16 characters bigger than the processId version (../../../../../MineUE4/MineUE4/Intermediate/Shaders/WorkingDirectory/6904/).
[2020.06.23-17.38.15:364][  0]LogShaderCompilers: Cleaned the shader compiler working directory 'C:/Users/remi4/AppData/Local/Temp/UnrealShaderWorkingDir/6F2DCFE242087498065B31BB1C74FB12/'.
[2020.06.23-17.38.15:365][  0]LogXGEController: Cannot use XGE Controller as Incredibuild is not installed on this machine.
[2020.06.23-17.38.15:365][  0]LogShaderCompilers: Cannot use XGE Shader Compiler as Incredibuild is not installed on this machine.
[2020.06.23-17.38.15:365][  0]LogShaderCompilers: Display: Using Local Shader Compiler.
[2020.06.23-17.38.16:192][  0]LogDerivedDataCache: Display: Max Cache Size: 512 MB
[2020.06.23-17.38.16:349][  0]LogDerivedDataCache: Loaded boot cache 0.16s 258MB C:/Users/remi4/AppData/Local/UnrealEngine/4.25/DerivedDataCache/Boot.ddc.
[2020.06.23-17.38.16:349][  0]LogDerivedDataCache: Display: Loaded Boot cache: C:/Users/remi4/AppData/Local/UnrealEngine/4.25/DerivedDataCache/Boot.ddc
[2020.06.23-17.38.16:349][  0]LogDerivedDataCache: FDerivedDataBackendGraph:  Pak pak cache file ../../../../../MineUE4/MineUE4/DerivedDataCache/DDC.ddp not found, will not use a pak cache.
[2020.06.23-17.38.16:349][  0]LogDerivedDataCache: Unable to find inner node Pak for hierarchical cache Hierarchy.
[2020.06.23-17.38.16:349][  0]LogDerivedDataCache: FDerivedDataBackendGraph:  CompressedPak pak cache file ../../../../../MineUE4/MineUE4/DerivedDataCache/Compressed.ddp not found, will not use a pak cache.
[2020.06.23-17.38.16:349][  0]LogDerivedDataCache: Unable to find inner node CompressedPak for hierarchical cache Hierarchy.
[2020.06.23-17.38.16:361][  0]LogDerivedDataCache: Display: Pak cache opened for reading ../../../Engine/DerivedDataCache/Compressed.ddp.
[2020.06.23-17.38.16:361][  0]LogDerivedDataCache: FDerivedDataBackendGraph:  EnterprisePak pak cache file ../../../Enterprise/DerivedDataCache/Compressed.ddp not found, will not use a pak cache.
[2020.06.23-17.38.16:361][  0]LogDerivedDataCache: Unable to find inner node EnterprisePak for hierarchical cache Hierarchy.
[2020.06.23-17.38.16:364][  0]LogDerivedDataCache: Using Local data cache path C:/Users/remi4/AppData/Local/UnrealEngine/Common/DerivedDataCache: Writable
[2020.06.23-17.38.16:364][  0]LogDerivedDataCache: Shared data cache path not found in *engine.ini, will not use an Shared cache.
[2020.06.23-17.38.16:364][  0]LogDerivedDataCache: Unable to find inner node Shared for hierarchical cache Hierarchy.
[2020.06.23-17.38.16:417][  0]LogSlate: Using FreeType 2.10.0
[2020.06.23-17.38.16:417][  0]LogSlate: SlateFontServices - WITH_FREETYPE: 1, WITH_HARFBUZZ: 1
[2020.06.23-17.38.16:446][  0]LogAssetRegistry: FAssetRegistry took 0.0034 seconds to start up
[2020.06.23-17.38.16:677][  0]LogInit: Selected Device Profile: [Windows]
[2020.06.23-17.38.16:800][  0]LogMeshReduction: Using QuadricMeshReduction for automatic static mesh reduction
[2020.06.23-17.38.16:800][  0]LogMeshReduction: Using SimplygonMeshReduction for automatic skeletal mesh reduction
[2020.06.23-17.38.16:800][  0]LogMeshReduction: Using ProxyLODMeshReduction for automatic mesh merging
[2020.06.23-17.38.16:800][  0]LogMeshReduction: No distributed automatic mesh merging module available
[2020.06.23-17.38.16:800][  0]LogMeshMerging: No distributed automatic mesh merging module available
[2020.06.23-17.38.16:817][  0]LogNetVersion: MineUE4 1.0.0, NetCL: 13144385, EngineNetVer: 14, GameNetVer: 0 (Checksum: 757084521)
[2020.06.23-17.38.17:265][  0]LogAISub: UAISubsystem::UAISubsystem AISubsystem (000001570726D9C0), frame # 0
[2020.06.23-17.38.17:265][  0]LogAISub: UAISubsystem::UAISubsystem AIPerceptionSystem (00000157071C0F40), frame # 0
[2020.06.23-17.38.17:266][  0]LogAISub: UAISubsystem::UAISubsystem EnvQueryManager (0000015707206000), frame # 0
[2020.06.23-17.38.17:330][  0]LogPackageLocalizationCache: Processed 21 localized package path(s) for 1 prioritized culture(s) in 0.056978 seconds
[2020.06.23-17.38.17:337][  0]LogUObjectArray: 15917 objects as part of root set at end of initial load.
[2020.06.23-17.38.17:337][  0]LogUObjectAllocator: 3965568 out of 0 bytes used by permanent object pool.
[2020.06.23-17.38.17:337][  0]LogUObjectArray: CloseDisregardForGC: 0/0 objects in disregard for GC pool
[2020.06.23-17.38.17:608][  0]LogPython: Using Python 2.7.14
[2020.06.23-17.38.18:532][  0]LogTcpMessaging: Initializing TcpMessaging bridge
[2020.06.23-17.38.18:593][  0]LogUdpMessaging: Initializing bridge on interface 0.0.0.0:0 to multicast group 230.0.0.1:6666.
[2020.06.23-17.38.18:744][  0]SourceControl: Source control is disabled
[2020.06.23-17.38.18:744][  0]SourceControl: Source control is disabled
[2020.06.23-17.38.18:748][  0]SourceControl: Source control is disabled
[2020.06.23-17.38.18:751][  0]SourceControl: Source control is disabled
[2020.06.23-17.38.18:759][  0]SourceControl: Source control is disabled
[2020.06.23-17.38.19:079][  0]LogAndroidPermission: UAndroidPermissionCallbackProxy::GetInstance
[2020.06.23-17.38.19:112][  0]LogAudioCaptureCore: Display: No Audio Capture implementations found. Audio input will be silent.
[2020.06.23-17.38.19:112][  0]LogAudioCaptureCore: Display: No Audio Capture implementations found. Audio input will be silent.
[2020.06.23-17.38.19:185][  0]LogOcInput: OculusInput pre-init called
[2020.06.23-17.38.19:197][  0]LogWindows: Failed to load 'OVRPlugin.dll' (GetLastError=126)
[2020.06.23-17.38.19:197][  0]LogWindows: File 'OVRPlugin.dll' does not exist
[2020.06.23-17.38.19:702][  0]LogEngine: Initializing Engine...
[2020.06.23-17.38.19:703][  0]LogHMD: Failed to initialize OpenVR with code 110
[2020.06.23-17.38.19:703][  0]LogMagicLeap: Warning: VR disabled because ZI is not enabled.  To enable, in the editor, Edit -> Project Settings -> Plugins -> Magic Leap Plugin -> Enable Zero Iteration
[2020.06.23-17.38.19:704][  0]LogStats: UGameplayTagsManager::InitializeManager -  0.000 s
[2020.06.23-17.38.19:831][  0]LogInit: Initializing FReadOnlyCVARCache
[2020.06.23-17.38.19:843][  0]LogAIModule: Creating AISystem for world Untitled
[2020.06.23-17.38.19:843][  0]LogAISub: UAISubsystem::UAISubsystem EnvQueryManager (0000015715655200), frame # 0
[2020.06.23-17.38.19:843][  0]LogAISub: UAISubsystem::UAISubsystem AIPerceptionSystem (000001571565F4C0), frame # 0
[2020.06.23-17.38.19:857][  0]LogAudioMixer: Display: Audio Mixer Platform Settings:
[2020.06.23-17.38.19:857][  0]LogAudioMixer: Display: 	Sample Rate:						  48000
[2020.06.23-17.38.19:857][  0]LogAudioMixer: Display: 	Callback Buffer Frame Size Requested: 1024
[2020.06.23-17.38.19:857][  0]LogAudioMixer: Display: 	Callback Buffer Frame Size To Use:	  1024
[2020.06.23-17.38.19:857][  0]LogAudioMixer: Display: 	Number of buffers to queue:			  2
[2020.06.23-17.38.19:857][  0]LogAudioMixer: Display: 	Max Channels (voices):				  32
[2020.06.23-17.38.19:857][  0]LogAudioMixer: Display: 	Number of Async Source Workers:		  0
[2020.06.23-17.38.19:857][  0]LogAudio: Display: AudioDevice MaxSources: 32
[2020.06.23-17.38.19:858][  0]LogAudio: Display: Using built-in audio occlusion.
[2020.06.23-17.38.19:858][  0]LogAudioMixer: Display: Initializing audio mixer.
[2020.06.23-17.38.19:876][  0]LogAudioMixer: Display: 0: FrontLeft
[2020.06.23-17.38.19:876][  0]LogAudioMixer: Display: 1: FrontRight
[2020.06.23-17.38.19:924][  0]LogAudioMixer: Display: Using Audio Device Haut-parleurs (SteelSeries Siberia 800)
[2020.06.23-17.38.19:927][  0]LogAudioMixer: Display: Initializing Sound Submixes...
[2020.06.23-17.38.19:929][  0]LogAudioMixer: Display: Creating Master Submix 'MasterSubmixDefault'
[2020.06.23-17.38.19:929][  0]LogAudioMixer: Display: Creating Master Submix 'MasterReverbSubmixDefault'
[2020.06.23-17.38.19:930][  0]LogAudioMixer: Display: Creating Master Submix 'MasterEQSubmixDefault'
[2020.06.23-17.38.19:931][  0]LogInit: FAudioDevice initialized.
[2020.06.23-17.38.19:931][  0]LogNetVersion: Set ProjectVersion to 1.0.0.0. Version Checksum will be recalculated on next use.
[2020.06.23-17.38.20:178][  0]LogDerivedDataCache: Saved boot cache 0.25s 258MB C:/Users/remi4/AppData/Local/UnrealEngine/4.25/DerivedDataCache/Boot.ddc.
[2020.06.23-17.38.20:187][  0]LogInit: Texture streaming: Enabled
[2020.06.23-17.38.20:205][  0]LogEngineSessionManager: EngineSessionManager initialized
[2020.06.23-17.38.20:205][  0]LogEditorSessionSummary: Verbose: Initializing EditorSessionSummaryWriter for editor session tracking
[2020.06.23-17.38.20:207][  0]LogEditorSessionSummary: EditorSessionSummaryWriter initialized
[2020.06.23-17.38.20:228][  0]LogInit: Transaction tracking system initialized
[2020.06.23-17.38.20:252][  0]BlueprintLog: New page: Editor Load
[2020.06.23-17.38.20:365][  0]LocalizationService: Localization service is disabled
[2020.06.23-17.38.20:581][  0]LogFileCache: Scanning file cache for directory 'D:/MineUE4/MineUE4/Content/' took 0.00s
[2020.06.23-17.38.20:581][  0]LogCook: Display: Max memory allowance for cook 16384mb min free memory 0mb
[2020.06.23-17.38.20:581][  0]LogCook: Display: Mobile HDR setting 1
[2020.06.23-17.38.21:003][  0]SourceControl: Source control is disabled
[2020.06.23-17.38.21:003][  0]LogUnrealEdMisc: Loading editor; pre map load, took 10.482
[2020.06.23-17.38.21:003][  0]Cmd: MAP LOAD FILE="../../../Engine/Content/Maps/Templates/Template_Default.umap" TEMPLATE=1 SHOWPROGRESS=1 FEATURELEVEL=3
[2020.06.23-17.38.21:004][  0]LightingResults: New page: Lighting Build
[2020.06.23-17.38.21:005][  0]LogWorld: UWorld::CleanupWorld for Untitled, bSessionEnded=true, bCleanupResources=true
[2020.06.23-17.38.21:005][  0]LogSlate: InvalidateAllWidgets triggered.  All widgets were invalidated
[2020.06.23-17.38.21:005][  0]MapCheck: New page: Map Check
[2020.06.23-17.38.21:005][  0]LightingResults: New page: Lighting Build
[2020.06.23-17.38.21:043][  0]LogAISub: UAISubsystem::~UAISubsystem EnvQueryManager (0000015715655200), frame # 0
[2020.06.23-17.38.21:043][  0]LogAISub: UAISubsystem::~UAISubsystem AIPerceptionSystem (000001571565F4C0), frame # 0
[2020.06.23-17.38.21:044][  0]LogUObjectHash: Compacting FUObjectHashTables data took   0.75ms
[2020.06.23-17.38.21:115][  0]LogAIModule: Creating AISystem for world Untitled_1
[2020.06.23-17.38.21:115][  0]LogAISub: UAISubsystem::UAISubsystem EnvQueryManager (0000015701BA7E00), frame # 0
[2020.06.23-17.38.21:115][  0]LogAISub: UAISubsystem::UAISubsystem AIPerceptionSystem (0000015701235A80), frame # 0
[2020.06.23-17.38.21:119][  0]LogEditorServer: Finished looking for orphan Actors (0.000 secs)
[2020.06.23-17.38.21:131][  0]LogUObjectHash: Compacting FUObjectHashTables data took   1.07ms
[2020.06.23-17.38.21:132][  0]Cmd: MAP CHECKDEP NOCLEARLOG
[2020.06.23-17.38.21:132][  0]MapCheck: Map check complete: 0 Error(s), 0 Warning(s), took 0,242ms to complete.
[2020.06.23-17.38.21:132][  0]LogFileHelpers: Loading map 'Template_Default' took 0.129
[2020.06.23-17.38.21:134][  0]LogUnrealEdMisc: Total Editor Startup Time, took 10.612
[2020.06.23-17.38.21:306][  0]LogSlate: Updating window title bar state: overlay mode, drag disabled, window buttons hidden, title bar hidden
[2020.06.23-17.38.21:314][  0]LogSlate: Updating window title bar state: overlay mode, drag disabled, window buttons hidden, title bar hidden
[2020.06.23-17.38.21:322][  0]LogSlate: Updating window title bar state: overlay mode, drag disabled, window buttons hidden, title bar hidden
[2020.06.23-17.38.21:330][  0]LogSlate: Updating window title bar state: overlay mode, drag disabled, window buttons hidden, title bar hidden
[2020.06.23-17.38.21:345][  0]LogCollectionManager: Loaded 0 collections in 0.000612 seconds
[2020.06.23-17.38.21:378][  0]LogFileCache: Scanning file cache for directory 'D:/MineUE4/MineUE4/Saved/Collections/' took 0.00s
[2020.06.23-17.38.21:378][  0]LogFileCache: Scanning file cache for directory 'D:/MineUE4/MineUE4/Content/Developers/remi4/Collections/' took 0.00s
[2020.06.23-17.38.21:378][  0]LogFileCache: Scanning file cache for directory 'D:/MineUE4/MineUE4/Content/Collections/' took 0.00s
[2020.06.23-17.38.21:378][  0]LogContentBrowser: Native class hierarchy populated in 0.0103 seconds. Added 3447 classes and 830 folders.
[2020.06.23-17.38.21:383][  0]LogContentBrowser: Native class hierarchy updated for 'WidgetCarousel' in 0.0003 seconds. Added 0 classes and 0 folders.
[2020.06.23-17.38.21:423][  0]LogContentBrowser: Native class hierarchy updated for 'AddContentDialog' in 0.0003 seconds. Added 0 classes and 0 folders.
[2020.06.23-17.38.21:427][  0]LogContentBrowser: Native class hierarchy updated for 'SceneOutliner' in 0.0004 seconds. Added 2 classes and 0 folders.
[2020.06.23-17.38.21:553][  0]LogSlate: Took 0.000210 seconds to synchronously load lazily loaded font '../../../Engine/Content/Slate/Fonts/Roboto-Regular.ttf' (155K)
[2020.06.23-17.38.21:554][  0]LogSlate: Took 0.000155 seconds to synchronously load lazily loaded font '../../../Engine/Content/Slate/Fonts/Roboto-Bold.ttf' (160K)
[2020.06.23-17.38.21:566][  0]LogSlate: Took 0.006059 seconds to synchronously load lazily loaded font '../../../Engine/Content/Editor/Slate/Fonts/FontAwesome.ttf' (139K)
[2020.06.23-17.38.21:684][  0]LogRenderer: Reallocating scene render targets to support 1208x600 Format 10 NumSamples 1 (Frame:1).
[2020.06.23-17.38.21:863][  0]LogContentBrowser: Native class hierarchy updated for 'HierarchicalLODOutliner' in 0.0004 seconds. Added 0 classes and 0 folders.
[2020.06.23-17.38.21:863][  0]LogLoad: (Engine Initialization) Total time: 11.34 seconds
[2020.06.23-17.38.21:863][  0]LogLoad: (Engine Initialization) Total Blueprint compile time: 0.00 seconds
[2020.06.23-17.38.21:898][  0]LogContentStreaming: Texture pool size now 1000 MB
[2020.06.23-17.38.53:542][322]LogAssetRegistry: Asset discovery search completed in 37.0975 seconds
[2020.06.23-17.38.53:548][322]LogCollectionManager: Fixed up redirectors for 0 collections in 0.000003 seconds (updated 0 objects)
[2020.06.23-17.40.25:809][944]LogTemp: Repeating last play command: Selected Viewport
[2020.06.23-17.40.25:831][944]LogPlayLevel: PlayLevel: No blueprints needed recompiling
[2020.06.23-17.40.25:834][944]PIE: New page: PIE session: Untitled_1 (23 juin 2020 à 21:40:25)
[2020.06.23-17.40.25:835][944]LogOnline: OSS: Creating online subsystem instance for: NULL
[2020.06.23-17.40.25:836][944]LogOnline: OSS: TryLoadSubsystemAndSetDefault: Loaded subsystem for module [NULL]
[2020.06.23-17.40.25:836][944]LogPlayLevel: Creating play world package: /Temp/UEDPIE_0_Untitled_1
[2020.06.23-17.40.25:839][944]LogPlayLevel: PIE: StaticDuplicateObject took: (0.002504s)
[2020.06.23-17.40.25:840][944]LogAIModule: Creating AISystem for world Untitled_1
[2020.06.23-17.40.25:841][944]LogAISub: UAISubsystem::UAISubsystem EnvQueryManager (000001572DE8A600), frame # 2944
[2020.06.23-17.40.25:841][944]LogAISub: UAISubsystem::UAISubsystem AIPerceptionSystem (00000157018E91C0), frame # 2944
[2020.06.23-17.40.25:841][944]LogPlayLevel: PIE: World Init took: (0.001483s)
[2020.06.23-17.40.25:841][944]LogPlayLevel: PIE: Created PIE world by copying editor world from /Temp/Untitled_1.Untitled_1 to /Temp/UEDPIE_0_Untitled_1.Untitled_1 (0.004419s)
[2020.06.23-17.40.25:849][944]LogUObjectHash: Compacting FUObjectHashTables data took   0.65ms
[2020.06.23-17.40.25:851][944]LogAudioMixer: Display: Audio Mixer Platform Settings:
[2020.06.23-17.40.25:851][944]LogAudioMixer: Display: 	Sample Rate:						  48000
[2020.06.23-17.40.25:851][944]LogAudioMixer: Display: 	Callback Buffer Frame Size Requested: 1024
[2020.06.23-17.40.25:851][944]LogAudioMixer: Display: 	Callback Buffer Frame Size To Use:	  1024
[2020.06.23-17.40.25:851][944]LogAudioMixer: Display: 	Number of buffers to queue:			  2
[2020.06.23-17.40.25:851][944]LogAudioMixer: Display: 	Max Channels (voices):				  32
[2020.06.23-17.40.25:851][944]LogAudioMixer: Display: 	Number of Async Source Workers:		  0
[2020.06.23-17.40.25:851][944]LogAudio: Display: AudioDevice MaxSources: 32
[2020.06.23-17.40.25:852][944]LogAudio: Display: Using built-in audio occlusion.
[2020.06.23-17.40.25:852][944]LogAudioMixer: Display: Initializing audio mixer.
[2020.06.23-17.40.25:856][944]LogAudioMixer: Display: 0: FrontLeft
[2020.06.23-17.40.25:856][944]LogAudioMixer: Display: 1: FrontRight
[2020.06.23-17.40.25:881][944]LogAudioMixer: Display: Using Audio Device Haut-parleurs (SteelSeries Siberia 800)
[2020.06.23-17.40.25:881][944]LogAudioMixer: Display: Initializing Sound Submixes...
[2020.06.23-17.40.25:881][944]LogAudioMixer: Display: Creating Master Submix 'MasterSubmixDefault'
[2020.06.23-17.40.25:881][944]LogAudioMixer: Display: Creating Master Submix 'MasterReverbSubmixDefault'
[2020.06.23-17.40.25:882][944]LogAudioMixer: Display: Creating Master Submix 'MasterEQSubmixDefault'
[2020.06.23-17.40.25:894][944]LogInit: FAudioDevice initialized.
[2020.06.23-17.40.25:904][944]LogLoad: Game class is 'GameModeBase'
[2020.06.23-17.40.25:906][944]LogWorld: Bringing World /Temp/UEDPIE_0_Untitled_1.Untitled_1 up for play (max tick rate 0) at 2020.06.23-19.40.25
[2020.06.23-17.40.25:907][944]LogWorld: Bringing up level for play took: 0.001020
[2020.06.23-17.40.25:907][944]LogOnline: OSS: Creating online subsystem instance for: :Context_1
[2020.06.23-17.40.25:911][944]LogContentBrowser: Native class hierarchy updated for 'MovieSceneCapture' in 0.0004 seconds. Added 20 classes and 0 folders.
[2020.06.23-17.40.25:914][944]PIE: Server logged in
[2020.06.23-17.40.25:916][944]PIE: Play in editor total start time 0,085 seconds.
[2020.06.23-17.40.28:134][136]LogSlate: Updating window title bar state: overlay mode, drag disabled, window buttons hidden, title bar hidden
[2020.06.23-17.40.28:134][136]LogWorld: BeginTearingDown for /Temp/UEDPIE_0_Untitled_1
[2020.06.23-17.40.28:134][136]LogWorld: UWorld::CleanupWorld for Untitled_1, bSessionEnded=true, bCleanupResources=true
[2020.06.23-17.40.28:134][136]LogSlate: InvalidateAllWidgets triggered.  All widgets were invalidated
[2020.06.23-17.40.28:138][136]LogPlayLevel: Display: Shutting down PIE online subsystems
[2020.06.23-17.40.28:139][136]LogSlate: InvalidateAllWidgets triggered.  All widgets were invalidated
[2020.06.23-17.40.28:165][136]LogSlate: Updating window title bar state: overlay mode, drag disabled, window buttons hidden, title bar hidden
[2020.06.23-17.40.28:166][136]LogAISub: UAISubsystem::~UAISubsystem AIPerceptionSystem (00000157018E91C0), frame # 3136
[2020.06.23-17.40.28:166][136]LogAISub: UAISubsystem::~UAISubsystem EnvQueryManager (000001572DE8A600), frame # 3136
[2020.06.23-17.40.28:167][136]LogUObjectHash: Compacting FUObjectHashTables data took   0.63ms
[2020.06.23-17.40.28:216][138]LogPlayLevel: Display: Destroying online subsystem :Context_1
[2020.06.23-17.40.29:152][230]LogEditorViewport: Clicking on Actor (LMB): StaticMeshActor (Floor)
[2020.06.23-17.40.33:899][585]Cmd: DELETE
[2020.06.23-17.40.33:899][585]Cmd: ACTOR DELETE
[2020.06.23-17.40.33:903][585]LogEditorActor: Deleted Actor: StaticMeshActor
[2020.06.23-17.40.33:911][585]LogUObjectHash: Compacting FUObjectHashTables data took   0.60ms
[2020.06.23-17.40.33:913][585]LogEditorActor: Deleted 1 Actors (0.013 secs)
[2020.06.23-17.40.34:360][625]LogEditorViewport: Clicking on Actor (LMB): BP_Sky_Sphere_C (Sky Sphere)
[2020.06.23-17.40.35:019][688]LogEditorViewport: Clicking on Actor (LMB): BP_Sky_Sphere_C (Sky Sphere)
[2020.06.23-17.40.36:628][840]LogEditorViewport: Clicking on Actor (LMB): BP_Sky_Sphere_C (Sky Sphere)
[2020.06.23-17.40.37:121][874]LogEditorViewport: Clicking on Actor (LMB): BP_Sky_Sphere_C (Sky Sphere)
[2020.06.23-17.40.45:491][373]LogSlate: Window 'Save Level As' being destroyed
[2020.06.23-17.40.49:082][611]LogSlate: Took 0.000145 seconds to synchronously load lazily loaded font '../../../Engine/Content/Slate/Fonts/Roboto-Light.ttf' (167K)
[2020.06.23-17.41.11:063][611]LogSlate: Window 'Save Level As' being destroyed
[2020.06.23-17.41.11:070][611]Cmd: OBJ SAVEPACKAGE PACKAGE="/Game/Levels/Default" FILE="../../../../../MineUE4/MineUE4/Content/Levels/Default.umap" SILENT=true AUTOSAVING=false KEEPDIRTY=false
[2020.06.23-17.41.11:119][611]LogUObjectHash: Compacting FUObjectHashTables data took   0.42ms
[2020.06.23-17.41.11:168][611]LogSavePackage: Moving '../../../../../MineUE4/MineUE4/Saved/DefaultDC2DCF3049833D0FE0C814B8839F4D7E.tmp' to '../../../../../MineUE4/MineUE4/Content/Levels/Default.umap'
[2020.06.23-17.41.11:327][611]LogFileHelpers: Saving map 'Default' took 0.260
[2020.06.23-17.41.11:327][611]Cmd: OBJ SAVEPACKAGE PACKAGE="/Game/Levels/Default_BuiltData" FILE="../../../../../MineUE4/MineUE4/Content/Levels/Default_BuiltData.uasset" SILENT=true
[2020.06.23-17.41.11:392][611]LogSavePackage: Moving '../../../../../MineUE4/MineUE4/Saved/Default_BuiltDataB7223D3548EEE10FFE5C20B48FB7ADFC.tmp' to '../../../../../MineUE4/MineUE4/Content/Levels/Default_BuiltData.uasset'
[2020.06.23-17.41.11:419][611]AssetCheck: New page: Asset Save: multiple assets
[2020.06.23-17.41.11:419][611]LogContentValidation: Display: Validating World /Game/Levels/Default.Default
[2020.06.23-17.41.11:419][611]LogContentValidation: Display: Validating MapBuildDataRegistry /Game/Levels/Default_BuiltData.Default_BuiltData
[2020.06.23-17.41.11:425][611]LogSlate: Took 0.000227 seconds to synchronously load lazily loaded font '../../../Engine/Content/Slate/Fonts/Roboto-Light.ttf' (167K)
[2020.06.23-17.41.16:669][826]Cmd: OBJ SAVEPACKAGE PACKAGE="/Game/Levels/Default" FILE="../../../../../MineUE4/MineUE4/Content/Levels/Default.umap" SILENT=true AUTOSAVING=false KEEPDIRTY=false
[2020.06.23-17.41.16:690][826]LogUObjectHash: Compacting FUObjectHashTables data took   0.66ms
[2020.06.23-17.41.16:755][826]LogSavePackage: Moving '../../../../../MineUE4/MineUE4/Saved/Default89545D1B4CC2D5F266BA2E99A957625A.tmp' to '../../../../../MineUE4/MineUE4/Content/Levels/Default.umap'
[2020.06.23-17.41.16:784][826]Cmd: OBJ SAVEPACKAGE PACKAGE="/Game/Levels/Default_BuiltData" FILE="../../../../../MineUE4/MineUE4/Content/Levels/Default_BuiltData.uasset" SILENT=true
[2020.06.23-17.41.16:941][826]LogSavePackage: Moving '../../../../../MineUE4/MineUE4/Saved/Default_BuiltData12115ED842B4D6EDA727F889A5388B4A.tmp' to '../../../../../MineUE4/MineUE4/Content/Levels/Default_BuiltData.uasset'
[2020.06.23-17.41.16:951][826]AssetCheck: New page: Asset Save: multiple assets
[2020.06.23-17.41.16:951][826]LogContentValidation: Display: Validating World /Game/Levels/Default.Default
[2020.06.23-17.41.16:951][826]LogContentValidation: Display: Validating MapBuildDataRegistry /Game/Levels/Default_BuiltData.Default_BuiltData
[2020.06.23-17.42.57:437][740]LogSlate: Window 'Project Settings' being destroyed
[2020.06.23-17.42.57:459][740]LogSlate: Window 'Project Settings' being destroyed
[2020.06.23-17.43.00:270][869]LogTemp: Repeating last play command: Selected Viewport
[2020.06.23-17.43.00:295][869]LogPlayLevel: PlayLevel: No blueprints needed recompiling
[2020.06.23-17.43.00:295][869]PIE: New page: PIE session: Default (23 juin 2020 à 21:43:00)
[2020.06.23-17.43.00:295][869]LogPlayLevel: Creating play world package: /Game/Levels/UEDPIE_0_Default
[2020.06.23-17.43.00:297][869]LogPlayLevel: PIE: StaticDuplicateObject took: (0.001852s)
[2020.06.23-17.43.00:298][869]LogAIModule: Creating AISystem for world Default
[2020.06.23-17.43.00:298][869]LogAISub: UAISubsystem::UAISubsystem EnvQueryManager (000001576AB06E00), frame # 9869
[2020.06.23-17.43.00:298][869]LogAISub: UAISubsystem::UAISubsystem AIPerceptionSystem (00000157018EAD40), frame # 9869
[2020.06.23-17.43.00:298][869]LogPlayLevel: PIE: World Init took: (0.001155s)
[2020.06.23-17.43.00:298][869]LogPlayLevel: PIE: Created PIE world by copying editor world from /Game/Levels/Default.Default to /Game/Levels/UEDPIE_0_Default.Default (0.003159s)
[2020.06.23-17.43.00:307][869]LogUObjectHash: Compacting FUObjectHashTables data took   0.63ms
[2020.06.23-17.43.00:309][869]LogAudioMixer: Display: Audio Mixer Platform Settings:
[2020.06.23-17.43.00:309][869]LogAudioMixer: Display: 	Sample Rate:						  48000
[2020.06.23-17.43.00:309][869]LogAudioMixer: Display: 	Callback Buffer Frame Size Requested: 1024
[2020.06.23-17.43.00:309][869]LogAudioMixer: Display: 	Callback Buffer Frame Size To Use:	  1024
[2020.06.23-17.43.00:309][869]LogAudioMixer: Display: 	Number of buffers to queue:			  2
[2020.06.23-17.43.00:309][869]LogAudioMixer: Display: 	Max Channels (voices):				  32
[2020.06.23-17.43.00:309][869]LogAudioMixer: Display: 	Number of Async Source Workers:		  0
[2020.06.23-17.43.00:309][869]LogAudio: Display: AudioDevice MaxSources: 32
[2020.06.23-17.43.00:309][869]LogAudio: Display: Using built-in audio occlusion.
[2020.06.23-17.43.00:309][869]LogAudioMixer: Display: Initializing audio mixer.
[2020.06.23-17.43.00:314][869]LogAudioMixer: Display: 0: FrontLeft
[2020.06.23-17.43.00:314][869]LogAudioMixer: Display: 1: FrontRight
[2020.06.23-17.43.00:809][869]LogAudioMixer: Display: Using Audio Device Haut-parleurs (SteelSeries Siberia 800)
[2020.06.23-17.43.00:809][869]LogAudioMixer: Display: Initializing Sound Submixes...
[2020.06.23-17.43.00:809][869]LogAudioMixer: Display: Creating Master Submix 'MasterSubmixDefault'
[2020.06.23-17.43.00:809][869]LogAudioMixer: Display: Creating Master Submix 'MasterReverbSubmixDefault'
[2020.06.23-17.43.00:809][869]LogAudioMixer: Display: Creating Master Submix 'MasterEQSubmixDefault'
[2020.06.23-17.43.00:810][869]LogInit: FAudioDevice initialized.
[2020.06.23-17.43.00:816][869]LogLoad: Game class is 'GameModeBase'
[2020.06.23-17.43.00:817][869]LogWorld: Bringing World /Game/Levels/UEDPIE_0_Default.Default up for play (max tick rate 0) at 2020.06.23-19.43.00
[2020.06.23-17.43.00:817][869]LogWorld: Bringing up level for play took: 0.000440
[2020.06.23-17.43.00:817][869]LogOnline: OSS: Creating online subsystem instance for: :Context_4
[2020.06.23-17.43.00:819][869]PIE: Server logged in
[2020.06.23-17.43.00:821][869]PIE: Play in editor total start time 0,527 seconds.
[2020.06.23-17.43.03:344][992]LogSlate: Updating window title bar state: overlay mode, drag disabled, window buttons hidden, title bar hidden
[2020.06.23-17.43.03:344][992]LogWorld: BeginTearingDown for /Game/Levels/UEDPIE_0_Default
[2020.06.23-17.43.03:344][992]LogWorld: UWorld::CleanupWorld for Default, bSessionEnded=true, bCleanupResources=true
[2020.06.23-17.43.03:344][992]LogSlate: InvalidateAllWidgets triggered.  All widgets were invalidated
[2020.06.23-17.43.03:356][992]LogPlayLevel: Display: Shutting down PIE online subsystems
[2020.06.23-17.43.03:358][992]LogSlate: InvalidateAllWidgets triggered.  All widgets were invalidated
[2020.06.23-17.43.03:431][992]LogSlate: Updating window title bar state: overlay mode, drag disabled, window buttons hidden, title bar hidden
[2020.06.23-17.43.03:435][992]LogAISub: UAISubsystem::~UAISubsystem AIPerceptionSystem (00000157018EAD40), frame # 9992
[2020.06.23-17.43.03:435][992]LogAISub: UAISubsystem::~UAISubsystem EnvQueryManager (000001576AB06E00), frame # 9992
[2020.06.23-17.43.03:436][992]LogUObjectHash: Compacting FUObjectHashTables data took   0.60ms
[2020.06.23-17.43.03:502][993]LogPlayLevel: Display: Destroying online subsystem :Context_4
[2020.06.23-17.44.31:611][710]LogSlate: Window 'Editor Preferences' being destroyed
[2020.06.23-17.44.31:616][710]LogSlate: Window 'Editor Preferences' being destroyed
[2020.06.23-17.44.47:807][396]LogSlate: Window 'Editor Preferences' being destroyed
[2020.06.23-17.44.47:811][396]LogSlate: Window 'Editor Preferences' being destroyed
[2020.06.23-17.45.23:772][ 41]LogSlate: Window 'Editor Preferences' being destroyed
[2020.06.23-17.45.23:776][ 41]LogSlate: Window 'Editor Preferences' being destroyed
